This is pdfTeX, Version 3.141592653-2.6-1.40.25 (TeX Live 2023) (preloaded format=pdflatex 2023.9.11)  4 MAR 2024 19:29
entering extended mode
 restricted \write18 enabled.
 file:line:error style messages enabled.
 %&-line parsing enabled.
**/home/giacomo/diario_escursioni/relazione.tex
(/home/giacomo/diario_escursioni/relazione.tex
LaTeX2e <2023-06-01> patch level 1
L3 programming layer <2023-08-29>
(/home/giacomo/texlive_install/texmf-dist/tex/latex/base/article.cls
Document Class: article 2023/05/17 v1.4n Standard LaTeX document class
(/home/giacomo/texlive_install/texmf-dist/tex/latex/base/size10.clo
File: size10.clo 2023/05/17 v1.4n Standard LaTeX file (size option)
)
\c@part=\count185
\c@section=\count186
\c@subsection=\count187
\c@subsubsection=\count188
\c@paragraph=\count189
\c@subparagraph=\count190
\c@figure=\count191
\c@table=\count192
\abovecaptionskip=\skip48
\belowcaptionskip=\skip49
\bibindent=\dimen140
) (/home/giacomo/texlive_install/texmf-dist/tex/latex/geometry/geometry.sty
Package: geometry 2020/01/02 v5.9 Page Geometry
 (/home/giacomo/texlive_install/texmf-dist/tex/latex/graphics/keyval.sty
Package: keyval 2022/05/29 v1.15 key=value parser (DPC)
\KV@toks@=\toks17
) (/home/giacomo/texlive_install/texmf-dist/tex/generic/iftex/ifvtex.sty
Package: ifvtex 2019/10/25 v1.7 ifvtex legacy package. Use iftex instead.
 (/home/giacomo/texlive_install/texmf-dist/tex/generic/iftex/iftex.sty
Package: iftex 2022/02/03 v1.0f TeX engine tests
))
\Gm@cnth=\count193
\Gm@cntv=\count194
\c@Gm@tempcnt=\count195
\Gm@bindingoffset=\dimen141
\Gm@wd@mp=\dimen142
\Gm@odd@mp=\dimen143
\Gm@even@mp=\dimen144
\Gm@layoutwidth=\dimen145
\Gm@layoutheight=\dimen146
\Gm@layouthoffset=\dimen147
\Gm@layoutvoffset=\dimen148
\Gm@dimlist=\toks18
) (/home/giacomo/texlive_install/texmf-dist/tex/latex/tex-gyre/tgadventor.sty
Package: tgadventor 2009/09/10 v1.2 TeX Gyre Adventor as default sans serif family
 (/home/giacomo/texlive_install/texmf-dist/tex/latex/kvoptions/kvoptions.sty
Package: kvoptions 2022-06-15 v3.15 Key value format for package options (HO)
 (/home/giacomo/texlive_install/texmf-dist/tex/generic/ltxcmds/ltxcmds.sty
Package: ltxcmds 2020-05-10 v1.25 LaTeX kernel commands for general use (HO)
) (/home/giacomo/texlive_install/texmf-dist/tex/latex/kvsetkeys/kvsetkeys.sty
Package: kvsetkeys 2022-10-05 v1.19 Key value parser (HO)
))) (/home/giacomo/texlive_install/texmf-dist/tex/latex/base/fontenc.sty
Package: fontenc 2021/04/29 v2.0v Standard LaTeX package
LaTeX Font Info:    Trying to load font information for T1+qag on input line 112.
 (/home/giacomo/texlive_install/texmf-dist/tex/latex/tex-gyre/t1qag.fd
File: t1qag.fd 2009/09/25 v1.2 font definition file for T1/qag
)) (/home/giacomo/texlive_install/texmf-dist/tex/latex/ragged2e/ragged2e.sty
Package: ragged2e 2023/06/22 v3.6 ragged2e Package
\CenteringLeftskip=\skip50
\RaggedLeftLeftskip=\skip51
\RaggedRightLeftskip=\skip52
\CenteringRightskip=\skip53
\RaggedLeftRightskip=\skip54
\RaggedRightRightskip=\skip55
\CenteringParfillskip=\skip56
\RaggedLeftParfillskip=\skip57
\RaggedRightParfillskip=\skip58
\JustifyingParfillskip=\skip59
\CenteringParindent=\skip60
\RaggedLeftParindent=\skip61
\RaggedRightParindent=\skip62
\JustifyingParindent=\skip63
) (/home/giacomo/texlive_install/texmf-dist/tex/latex/graphics/graphicx.sty
Package: graphicx 2021/09/16 v1.2d Enhanced LaTeX Graphics (DPC,SPQR)
 (/home/giacomo/texlive_install/texmf-dist/tex/latex/graphics/graphics.sty
Package: graphics 2022/03/10 v1.4e Standard LaTeX Graphics (DPC,SPQR)
 (/home/giacomo/texlive_install/texmf-dist/tex/latex/graphics/trig.sty
Package: trig 2021/08/11 v1.11 sin cos tan (DPC)
) (/home/giacomo/texlive_install/texmf-dist/tex/latex/graphics-cfg/graphics.cfg
File: graphics.cfg 2016/06/04 v1.11 sample graphics configuration
)
Package graphics Info: Driver file: pdftex.def on input line 107.
 (/home/giacomo/texlive_install/texmf-dist/tex/latex/graphics-def/pdftex.def
File: pdftex.def 2022/09/22 v1.2b Graphics/color driver for pdftex
))
\Gin@req@height=\dimen149
\Gin@req@width=\dimen150
) (/home/giacomo/texlive_install/texmf-dist/tex/latex/float/float.sty
Package: float 2001/11/08 v1.3d Float enhancements (AL)
\c@float@type=\count196
\float@exts=\toks19
\float@box=\box51
\@float@everytoks=\toks20
\@floatcapt=\box52
) (/home/giacomo/texlive_install/texmf-dist/tex/latex/wrapfig/wrapfig.sty
\wrapoverhang=\dimen151
\WF@size=\dimen152
\c@WF@wrappedlines=\count197
\WF@box=\box53
\WF@everypar=\toks21
Package: wrapfig 2003/01/31  v 3.6
) (/home/giacomo/texlive_install/texmf-dist/tex/latex/fontawesome5/fontawesome5.sty (/home/giacomo/texlive_install/texmf-dist/tex/latex/l3kernel/expl3.sty
Package: expl3 2023-08-29 L3 programming layer (loader) 
 (/home/giacomo/texlive_install/texmf-dist/tex/latex/l3backend/l3backend-pdftex.def
File: l3backend-pdftex.def 2023-04-19 L3 backend support: PDF output (pdfTeX)
\l__color_backend_stack_int=\count198
\l__pdf_internal_box=\box54
))
Package: fontawesome5 2022/05/02 v5.15.4 Font Awesome 5
 (/home/giacomo/texlive_install/texmf-dist/tex/latex/l3packages/l3keys2e/l3keys2e.sty
Package: l3keys2e 2023-08-29 LaTeX2e option processing using LaTeX3 keys
) (/home/giacomo/texlive_install/texmf-dist/tex/latex/l3packages/xparse/xparse.sty
Package: xparse 2023-08-29 L3 Experimental document command parser
) (/home/giacomo/texlive_install/texmf-dist/tex/latex/fontawesome5/fontawesome5-generic-helper.sty
Package: fontawesome5-generic-helper 2022/05/02 v5.15.4 non-uTeX helper for fontawesome5
 (/home/giacomo/texlive_install/texmf-dist/tex/latex/fontawesome5/fontawesome5-mapping.def))) (/home/giacomo/texlive_install/texmf-dist/tex/latex/pgf/frontendlayer/tikz.sty (/home/giacomo/texlive_install/texmf-dist/tex/latex/pgf/basiclayer/pgf.sty (/home/giacomo/texlive_install/texmf-dist/tex/latex/pgf/utilities/pgfrcs.sty (/home/giacomo/texlive_install/texmf-dist/tex/generic/pgf/utilities/pgfutil-common.tex
\pgfutil@everybye=\toks22
\pgfutil@tempdima=\dimen153
\pgfutil@tempdimb=\dimen154
) (/home/giacomo/texlive_install/texmf-dist/tex/generic/pgf/utilities/pgfutil-latex.def
\pgfutil@abb=\box55
) (/home/giacomo/texlive_install/texmf-dist/tex/generic/pgf/utilities/pgfrcs.code.tex (/home/giacomo/texlive_install/texmf-dist/tex/generic/pgf/pgf.revision.tex)
Package: pgfrcs 2023-01-15 v3.1.10 (3.1.10)
))
Package: pgf 2023-01-15 v3.1.10 (3.1.10)
 (/home/giacomo/texlive_install/texmf-dist/tex/latex/pgf/basiclayer/pgfcore.sty (/home/giacomo/texlive_install/texmf-dist/tex/latex/pgf/systemlayer/pgfsys.sty (/home/giacomo/texlive_install/texmf-dist/tex/generic/pgf/systemlayer/pgfsys.code.tex
Package: pgfsys 2023-01-15 v3.1.10 (3.1.10)
 (/home/giacomo/texlive_install/texmf-dist/tex/generic/pgf/utilities/pgfkeys.code.tex
\pgfkeys@pathtoks=\toks23
\pgfkeys@temptoks=\toks24
 (/home/giacomo/texlive_install/texmf-dist/tex/generic/pgf/utilities/pgfkeyslibraryfiltered.code.tex
\pgfkeys@tmptoks=\toks25
))
\pgf@x=\dimen155
\pgf@y=\dimen156
\pgf@xa=\dimen157
\pgf@ya=\dimen158
\pgf@xb=\dimen159
\pgf@yb=\dimen160
\pgf@xc=\dimen161
\pgf@yc=\dimen162
\pgf@xd=\dimen163
\pgf@yd=\dimen164
\w@pgf@writea=\write3
\r@pgf@reada=\read2
\c@pgf@counta=\count199
\c@pgf@countb=\count266
\c@pgf@countc=\count267
\c@pgf@countd=\count268
\t@pgf@toka=\toks26
\t@pgf@tokb=\toks27
\t@pgf@tokc=\toks28
\pgf@sys@id@count=\count269
 (/home/giacomo/texlive_install/texmf-dist/tex/generic/pgf/systemlayer/pgf.cfg
File: pgf.cfg 2023-01-15 v3.1.10 (3.1.10)
)
Driver file for pgf: pgfsys-pdftex.def
 (/home/giacomo/texlive_install/texmf-dist/tex/generic/pgf/systemlayer/pgfsys-pdftex.def
File: pgfsys-pdftex.def 2023-01-15 v3.1.10 (3.1.10)
 (/home/giacomo/texlive_install/texmf-dist/tex/generic/pgf/systemlayer/pgfsys-common-pdf.def
File: pgfsys-common-pdf.def 2023-01-15 v3.1.10 (3.1.10)
))) (/home/giacomo/texlive_install/texmf-dist/tex/generic/pgf/systemlayer/pgfsyssoftpath.code.tex
File: pgfsyssoftpath.code.tex 2023-01-15 v3.1.10 (3.1.10)
\pgfsyssoftpath@smallbuffer@items=\count270
\pgfsyssoftpath@bigbuffer@items=\count271
) (/home/giacomo/texlive_install/texmf-dist/tex/generic/pgf/systemlayer/pgfsysprotocol.code.tex
File: pgfsysprotocol.code.tex 2023-01-15 v3.1.10 (3.1.10)
)) (/home/giacomo/texlive_install/texmf-dist/tex/latex/xcolor/xcolor.sty
Package: xcolor 2022/06/12 v2.14 LaTeX color extensions (UK)
 (/home/giacomo/texlive_install/texmf-dist/tex/latex/graphics-cfg/color.cfg
File: color.cfg 2016/01/02 v1.6 sample color configuration
)
Package xcolor Info: Driver file: pdftex.def on input line 227.
 (/home/giacomo/texlive_install/texmf-dist/tex/latex/graphics/mathcolor.ltx)
Package xcolor Info: Model `cmy' substituted by `cmy0' on input line 1353.
Package xcolor Info: Model `hsb' substituted by `rgb' on input line 1357.
Package xcolor Info: Model `RGB' extended on input line 1369.
Package xcolor Info: Model `HTML' substituted by `rgb' on input line 1371.
Package xcolor Info: Model `Hsb' substituted by `hsb' on input line 1372.
Package xcolor Info: Model `tHsb' substituted by `hsb' on input line 1373.
Package xcolor Info: Model `HSB' substituted by `hsb' on input line 1374.
Package xcolor Info: Model `Gray' substituted by `gray' on input line 1375.
Package xcolor Info: Model `wave' substituted by `hsb' on input line 1376.
) (/home/giacomo/texlive_install/texmf-dist/tex/generic/pgf/basiclayer/pgfcore.code.tex
Package: pgfcore 2023-01-15 v3.1.10 (3.1.10)
 (/home/giacomo/texlive_install/texmf-dist/tex/generic/pgf/math/pgfmath.code.tex (/home/giacomo/texlive_install/texmf-dist/tex/generic/pgf/math/pgfmathutil.code.tex) (/home/giacomo/texlive_install/texmf-dist/tex/generic/pgf/math/pgfmathparser.code.tex
\pgfmath@dimen=\dimen165
\pgfmath@count=\count272
\pgfmath@box=\box56
\pgfmath@toks=\toks29
\pgfmath@stack@operand=\toks30
\pgfmath@stack@operation=\toks31
) (/home/giacomo/texlive_install/texmf-dist/tex/generic/pgf/math/pgfmathfunctions.code.tex) (/home/giacomo/texlive_install/texmf-dist/tex/generic/pgf/math/pgfmathfunctions.basic.code.tex) (/home/giacomo/texlive_install/texmf-dist/tex/generic/pgf/math/pgfmathfunctions.trigonometric.code.tex) (/home/giacomo/texlive_install/texmf-dist/tex/generic/pgf/math/pgfmathfunctions.random.code.tex) (/home/giacomo/texlive_install/texmf-dist/tex/generic/pgf/math/pgfmathfunctions.comparison.code.tex) (/home/giacomo/texlive_install/texmf-dist/tex/generic/pgf/math/pgfmathfunctions.base.code.tex) (/home/giacomo/texlive_install/texmf-dist/tex/generic/pgf/math/pgfmathfunctions.round.code.tex) (/home/giacomo/texlive_install/texmf-dist/tex/generic/pgf/math/pgfmathfunctions.misc.code.tex) (/home/giacomo/texlive_install/texmf-dist/tex/generic/pgf/math/pgfmathfunctions.integerarithmetics.code.tex) (/home/giacomo/texlive_install/texmf-dist/tex/generic/pgf/math/pgfmathcalc.code.tex) (/home/giacomo/texlive_install/texmf-dist/tex/generic/pgf/math/pgfmathfloat.code.tex
\c@pgfmathroundto@lastzeros=\count273
)) (/home/giacomo/texlive_install/texmf-dist/tex/generic/pgf/math/pgfint.code.tex) (/home/giacomo/texlive_install/texmf-dist/tex/generic/pgf/basiclayer/pgfcorepoints.code.tex
File: pgfcorepoints.code.tex 2023-01-15 v3.1.10 (3.1.10)
\pgf@picminx=\dimen166
\pgf@picmaxx=\dimen167
\pgf@picminy=\dimen168
\pgf@picmaxy=\dimen169
\pgf@pathminx=\dimen170
\pgf@pathmaxx=\dimen171
\pgf@pathminy=\dimen172
\pgf@pathmaxy=\dimen173
\pgf@xx=\dimen174
\pgf@xy=\dimen175
\pgf@yx=\dimen176
\pgf@yy=\dimen177
\pgf@zx=\dimen178
\pgf@zy=\dimen179
) (/home/giacomo/texlive_install/texmf-dist/tex/generic/pgf/basiclayer/pgfcorepathconstruct.code.tex
File: pgfcorepathconstruct.code.tex 2023-01-15 v3.1.10 (3.1.10)
\pgf@path@lastx=\dimen180
\pgf@path@lasty=\dimen181
) (/home/giacomo/texlive_install/texmf-dist/tex/generic/pgf/basiclayer/pgfcorepathusage.code.tex
File: pgfcorepathusage.code.tex 2023-01-15 v3.1.10 (3.1.10)
\pgf@shorten@end@additional=\dimen182
\pgf@shorten@start@additional=\dimen183
) (/home/giacomo/texlive_install/texmf-dist/tex/generic/pgf/basiclayer/pgfcorescopes.code.tex
File: pgfcorescopes.code.tex 2023-01-15 v3.1.10 (3.1.10)
\pgfpic=\box57
\pgf@hbox=\box58
\pgf@layerbox@main=\box59
\pgf@picture@serial@count=\count274
) (/home/giacomo/texlive_install/texmf-dist/tex/generic/pgf/basiclayer/pgfcoregraphicstate.code.tex
File: pgfcoregraphicstate.code.tex 2023-01-15 v3.1.10 (3.1.10)
\pgflinewidth=\dimen184
) (/home/giacomo/texlive_install/texmf-dist/tex/generic/pgf/basiclayer/pgfcoretransformations.code.tex
File: pgfcoretransformations.code.tex 2023-01-15 v3.1.10 (3.1.10)
\pgf@pt@x=\dimen185
\pgf@pt@y=\dimen186
\pgf@pt@temp=\dimen187
) (/home/giacomo/texlive_install/texmf-dist/tex/generic/pgf/basiclayer/pgfcorequick.code.tex
File: pgfcorequick.code.tex 2023-01-15 v3.1.10 (3.1.10)
) (/home/giacomo/texlive_install/texmf-dist/tex/generic/pgf/basiclayer/pgfcoreobjects.code.tex
File: pgfcoreobjects.code.tex 2023-01-15 v3.1.10 (3.1.10)
) (/home/giacomo/texlive_install/texmf-dist/tex/generic/pgf/basiclayer/pgfcorepathprocessing.code.tex
File: pgfcorepathprocessing.code.tex 2023-01-15 v3.1.10 (3.1.10)
) (/home/giacomo/texlive_install/texmf-dist/tex/generic/pgf/basiclayer/pgfcorearrows.code.tex
File: pgfcorearrows.code.tex 2023-01-15 v3.1.10 (3.1.10)
\pgfarrowsep=\dimen188
) (/home/giacomo/texlive_install/texmf-dist/tex/generic/pgf/basiclayer/pgfcoreshade.code.tex
File: pgfcoreshade.code.tex 2023-01-15 v3.1.10 (3.1.10)
\pgf@max=\dimen189
\pgf@sys@shading@range@num=\count275
\pgf@shadingcount=\count276
) (/home/giacomo/texlive_install/texmf-dist/tex/generic/pgf/basiclayer/pgfcoreimage.code.tex
File: pgfcoreimage.code.tex 2023-01-15 v3.1.10 (3.1.10)
) (/home/giacomo/texlive_install/texmf-dist/tex/generic/pgf/basiclayer/pgfcoreexternal.code.tex
File: pgfcoreexternal.code.tex 2023-01-15 v3.1.10 (3.1.10)
\pgfexternal@startupbox=\box60
) (/home/giacomo/texlive_install/texmf-dist/tex/generic/pgf/basiclayer/pgfcorelayers.code.tex
File: pgfcorelayers.code.tex 2023-01-15 v3.1.10 (3.1.10)
) (/home/giacomo/texlive_install/texmf-dist/tex/generic/pgf/basiclayer/pgfcoretransparency.code.tex
File: pgfcoretransparency.code.tex 2023-01-15 v3.1.10 (3.1.10)
) (/home/giacomo/texlive_install/texmf-dist/tex/generic/pgf/basiclayer/pgfcorepatterns.code.tex
File: pgfcorepatterns.code.tex 2023-01-15 v3.1.10 (3.1.10)
) (/home/giacomo/texlive_install/texmf-dist/tex/generic/pgf/basiclayer/pgfcorerdf.code.tex
File: pgfcorerdf.code.tex 2023-01-15 v3.1.10 (3.1.10)
))) (/home/giacomo/texlive_install/texmf-dist/tex/generic/pgf/modules/pgfmoduleshapes.code.tex
File: pgfmoduleshapes.code.tex 2023-01-15 v3.1.10 (3.1.10)
\pgfnodeparttextbox=\box61
) (/home/giacomo/texlive_install/texmf-dist/tex/generic/pgf/modules/pgfmoduleplot.code.tex
File: pgfmoduleplot.code.tex 2023-01-15 v3.1.10 (3.1.10)
) (/home/giacomo/texlive_install/texmf-dist/tex/latex/pgf/compatibility/pgfcomp-version-0-65.sty
Package: pgfcomp-version-0-65 2023-01-15 v3.1.10 (3.1.10)
\pgf@nodesepstart=\dimen190
\pgf@nodesepend=\dimen191
) (/home/giacomo/texlive_install/texmf-dist/tex/latex/pgf/compatibility/pgfcomp-version-1-18.sty
Package: pgfcomp-version-1-18 2023-01-15 v3.1.10 (3.1.10)
)) (/home/giacomo/texlive_install/texmf-dist/tex/latex/pgf/utilities/pgffor.sty (/home/giacomo/texlive_install/texmf-dist/tex/latex/pgf/utilities/pgfkeys.sty (/home/giacomo/texlive_install/texmf-dist/tex/generic/pgf/utilities/pgfkeys.code.tex)) (/home/giacomo/texlive_install/texmf-dist/tex/latex/pgf/math/pgfmath.sty (/home/giacomo/texlive_install/texmf-dist/tex/generic/pgf/math/pgfmath.code.tex)) (/home/giacomo/texlive_install/texmf-dist/tex/generic/pgf/utilities/pgffor.code.tex
Package: pgffor 2023-01-15 v3.1.10 (3.1.10)
\pgffor@iter=\dimen192
\pgffor@skip=\dimen193
\pgffor@stack=\toks32
\pgffor@toks=\toks33
)) (/home/giacomo/texlive_install/texmf-dist/tex/generic/pgf/frontendlayer/tikz/tikz.code.tex
Package: tikz 2023-01-15 v3.1.10 (3.1.10)
 (/home/giacomo/texlive_install/texmf-dist/tex/generic/pgf/libraries/pgflibraryplothandlers.code.tex
File: pgflibraryplothandlers.code.tex 2023-01-15 v3.1.10 (3.1.10)
\pgf@plot@mark@count=\count277
\pgfplotmarksize=\dimen194
)
\tikz@lastx=\dimen195
\tikz@lasty=\dimen196
\tikz@lastxsaved=\dimen197
\tikz@lastysaved=\dimen198
\tikz@lastmovetox=\dimen199
\tikz@lastmovetoy=\dimen256
\tikzleveldistance=\dimen257
\tikzsiblingdistance=\dimen258
\tikz@figbox=\box62
\tikz@figbox@bg=\box63
\tikz@tempbox=\box64
\tikz@tempbox@bg=\box65
\tikztreelevel=\count278
\tikznumberofchildren=\count279
\tikznumberofcurrentchild=\count280
\tikz@fig@count=\count281
 (/home/giacomo/texlive_install/texmf-dist/tex/generic/pgf/modules/pgfmodulematrix.code.tex
File: pgfmodulematrix.code.tex 2023-01-15 v3.1.10 (3.1.10)
\pgfmatrixcurrentrow=\count282
\pgfmatrixcurrentcolumn=\count283
\pgf@matrix@numberofcolumns=\count284
)
\tikz@expandcount=\count285
 (/home/giacomo/texlive_install/texmf-dist/tex/generic/pgf/frontendlayer/tikz/libraries/tikzlibrarytopaths.code.tex
File: tikzlibrarytopaths.code.tex 2023-01-15 v3.1.10 (3.1.10)
))) (/home/giacomo/texlive_install/texmf-dist/tex/latex/tikzsymbols/tikzsymbols.sty
Package: tikzsymbols 2021/12/14 v4.12a Some symbols created using tikz and LaTeX3.
 (/home/giacomo/texlive_install/texmf-dist/tex/latex/tools/xspace.sty
Package: xspace 2014/10/28 v1.13 Space after command names (DPC,MH)
) (/home/giacomo/texlive_install/texmf-dist/tex/generic/pgf/frontendlayer/tikz/libraries/tikzlibraryarrows.code.tex
File: tikzlibraryarrows.code.tex 2023-01-15 v3.1.10 (3.1.10)
 (/home/giacomo/texlive_install/texmf-dist/tex/generic/pgf/libraries/pgflibraryarrows.code.tex
File: pgflibraryarrows.code.tex 2023-01-15 v3.1.10 (3.1.10)
\arrowsize=\dimen259
)) (/home/giacomo/texlive_install/texmf-dist/tex/generic/pgf/frontendlayer/tikz/libraries/tikzlibrarydecorations.pathmorphing.code.tex (/home/giacomo/texlive_install/texmf-dist/tex/generic/pgf/frontendlayer/tikz/libraries/tikzlibrarydecorations.code.tex (/home/giacomo/texlive_install/texmf-dist/tex/generic/pgf/modules/pgfmoduledecorations.code.tex
\pgfdecoratedcompleteddistance=\dimen260
\pgfdecoratedremainingdistance=\dimen261
\pgfdecoratedinputsegmentcompleteddistance=\dimen262
\pgfdecoratedinputsegmentremainingdistance=\dimen263
\pgf@decorate@distancetomove=\dimen264
\pgf@decorate@repeatstate=\count286
\pgfdecorationsegmentamplitude=\dimen265
\pgfdecorationsegmentlength=\dimen266
)
\tikz@lib@dec@box=\box66
) (/home/giacomo/texlive_install/texmf-dist/tex/generic/pgf/libraries/decorations/pgflibrarydecorations.pathmorphing.code.tex)) (/home/giacomo/texlive_install/texmf-dist/tex/generic/pgf/frontendlayer/tikz/libraries/tikzlibrarytrees.code.tex
File: tikzlibrarytrees.code.tex 2023-01-15 v3.1.10 (3.1.10)
)
\l__tikzsymbols_Moai_thickness_dim=\dimen267
\l__tikzsymbols_Kochtopf_nr_arguments_int=\count287
\l__tikzsymbols_Bratpfanne_nr_arguments_int=\count288
\l__tikzsymbols_Schneebesen_nr_arguments_int=\count289
\l__tikzsymbols_Sieb_nr_arguments_int=\count290
\l__tikzsymbols_Purierstab_nr_arguments_int=\count291
\l__tikzsymbols_Dreizack_nr_arguments_int=\count292
\l__tikzsymbols_Backblech_nr_arguments_int=\count293
\l__tikzsymbols_Ofen_nr_arguments_int=\count294
\l__tikzsymbols_Pfanne_nr_arguments_int=\count295
\l__tikzsymbols_Herd_nr_arguments_int=\count296
\l__tikzsymbols_Saftpresse_nr_arguments_int=\count297
\l__tikzsymbols_Schussel_nr_arguments_int=\count298
\l__tikzsymbols_Schaler_nr_arguments_int=\count299
\l__tikzsymbols_Reibe_nr_arguments_int=\count300
\l__tikzsymbols_Flasche_nr_arguments_int=\count301
\l__tikzsymbols_Nudelholz_nr_arguments_int=\count302
\l__tikzsymbols_Knoblauchpresse_nr_arguments_int=\count303
\l__tikzsymbols_Sadey_nr_arguments_int=\count304
\l__tikzsymbols_dSadey_nr_arguments_int=\count305
\l__tikzsymbols_Changey_nr_arguments_int=\count306
\l__tikzsymbols_dChangey_nr_arguments_int=\count307
\l__tikzsymbols_cChangey_nr_arguments_int=\count308
\l__tikzsymbols_dcChangey_nr_arguments_int=\count309
\l__tikzsymbols_Annoey_nr_arguments_int=\count310
\l__tikzsymbols_dAnnoey_nr_arguments_int=\count311
\l__tikzsymbols_Smiley_nr_arguments_int=\count312
\l__tikzsymbols_dSmiley_nr_arguments_int=\count313
\l__tikzsymbols_Laughey_nr_arguments_int=\count314
\l__tikzsymbols_dLaughey_nr_arguments_int=\count315
\l__tikzsymbols_Neutrey_nr_arguments_int=\count316
\l__tikzsymbols_dNeutrey_nr_arguments_int=\count317
\l__tikzsymbols_Winkey_nr_arguments_int=\count318
\l__tikzsymbols_oldWinkey_nr_arguments_int=\count319
\l__tikzsymbols_dWinkey_nr_arguments_int=\count320
\l__tikzsymbols_olddWinkey_nr_arguments_int=\count321
\l__tikzsymbols_Sey_nr_arguments_int=\count322
\l__tikzsymbols_dSey_nr_arguments_int=\count323
\l__tikzsymbols_Xey_nr_arguments_int=\count324
\l__tikzsymbols_dXey_nr_arguments_int=\count325
\l__tikzsymbols_Innocey_nr_arguments_int=\count326
\l__tikzsymbols_wInnocey_nr_arguments_int=\count327
\l__tikzsymbols_dInnocey_nr_arguments_int=\count328
\l__tikzsymbols_Cooley_nr_arguments_int=\count329
\l__tikzsymbols_dCooley_nr_arguments_int=\count330
\l__tikzsymbols_Tongey_nr_arguments_int=\count331
\l__tikzsymbols_dTongey_nr_arguments_int=\count332
\l__tikzsymbols_Nursey_nr_arguments_int=\count333
\l__tikzsymbols_dNursey_nr_arguments_int=\count334
\l__tikzsymbols_Vomey_nr_arguments_int=\count335
\l__tikzsymbols_dVomey_nr_arguments_int=\count336
\l__tikzsymbols_Walley_nr_arguments_int=\count337
\l__tikzsymbols_rWalley_nr_arguments_int=\count338
\l__tikzsymbols_dWalley_nr_arguments_int=\count339
\l__tikzsymbols_drWalley_nr_arguments_int=\count340
\l__tikzsymbols_Cat_nr_arguments_int=\count341
\l__tikzsymbols_SchrodingersCat_nr_arguments_int=\count342
\l__tikzsymbols_Ninja_nr_arguments_int=\count343
\l__tikzsymbols_dNinja_nr_arguments_int=\count344
\l__tikzsymbols_Sleepey_nr_arguments_int=\count345
\l__tikzsymbols_dSleepey_nr_arguments_int=\count346
\l__tikzsymbols_Maskey_nr_arguments_int=\count347
\l__tikzsymbols_NiceReapey_nr_arguments_int=\count348
\l__tikzsymbols_Strichmaxerl_nr_arguments_int=\count349
\l__tikzsymbols_Person_nr_arguments_int=\count350
\l__tikzsymbols_Heart_nr_arguments_int=\count351
\l__tikzsymbols_dHeart_nr_arguments_int=\count352
\l__tikzsymbols_HeartBroken_nr_arguments_int=\count353
\l__tikzsymbols_Candle_nr_arguments_int=\count354
\l__tikzsymbols_Fire_nr_arguments_int=\count355
\l__tikzsymbols_Coffeecup_nr_arguments_int=\count356
\l__tikzsymbols_Chair_nr_arguments_int=\count357
\l__tikzsymbols_Bed_nr_arguments_int=\count358
\l__tikzsymbols_Tribar_nr_arguments_int=\count359
\l__tikzsymbols_Moai_nr_arguments_int=\count360
\l__tikzsymbols_Snowman_nr_arguments_int=\count361
\l__tikzsymbols_BasicTree_nr_arguments_int=\count362
\l__tikzsymbols_WorstTree_nr_arguments_int=\count363
\l__tikzsymbols_Springtree_nr_arguments_int=\count364
\l__tikzsymbols_Summertree_nr_arguments_int=\count365
\l__tikzsymbols_Autumntree_nr_arguments_int=\count366
\l__tikzsymbols_Wintertree_nr_arguments_int=\count367
) (/home/giacomo/texlive_install/texmf-dist/tex/generic/pgf/frontendlayer/tikz/libraries/tikzlibrarypositioning.code.tex
File: tikzlibrarypositioning.code.tex 2023-01-15 v3.1.10 (3.1.10)
) (out/relazione.aux (out/valutazione.aux) (out/difficolta.aux) (out/meteo.aux) (out/tipo_percorso.aux))
\openout1 = `relazione.aux'.

LaTeX Font Info:    Checking defaults for OML/cmm/m/it on input line 23.
LaTeX Font Info:    ... okay on input line 23.
LaTeX Font Info:    Checking defaults for OMS/cmsy/m/n on input line 23.
LaTeX Font Info:    ... okay on input line 23.
LaTeX Font Info:    Checking defaults for OT1/cmr/m/n on input line 23.
LaTeX Font Info:    ... okay on input line 23.
LaTeX Font Info:    Checking defaults for T1/cmr/m/n on input line 23.
LaTeX Font Info:    ... okay on input line 23.
LaTeX Font Info:    Checking defaults for TS1/cmr/m/n on input line 23.
LaTeX Font Info:    ... okay on input line 23.
LaTeX Font Info:    Checking defaults for OMX/cmex/m/n on input line 23.
LaTeX Font Info:    ... okay on input line 23.
LaTeX Font Info:    Checking defaults for U/cmr/m/n on input line 23.
LaTeX Font Info:    ... okay on input line 23.

*geometry* driver: auto-detecting
*geometry* detected driver: pdftex
*geometry* verbose mode - [ preamble ] result:
* driver: pdftex
* paper: a4paper
* layout: <same size as paper>
* layoutoffset:(h,v)=(0.0pt,0.0pt)
* modes: 
* h-part:(L,W,R)=(28.45274pt, 540.60239pt, 28.45274pt)
* v-part:(T,H,B)=(28.45274pt, 788.14136pt, 28.45274pt)
* \paperwidth=597.50787pt
* \paperheight=845.04684pt
* \textwidth=540.60239pt
* \textheight=788.14136pt
* \oddsidemargin=-43.81725pt
* \evensidemargin=-43.81725pt
* \topmargin=-80.81725pt
* \headheight=12.0pt
* \headsep=25.0pt
* \topskip=10.0pt
* \footskip=30.0pt
* \marginparwidth=65.0pt
* \marginparsep=11.0pt
* \columnsep=10.0pt
* \skip\footins=9.0pt plus 4.0pt minus 2.0pt
* \hoffset=0.0pt
* \voffset=0.0pt
* \mag=1000
* \@twocolumnfalse
* \@twosidefalse
* \@mparswitchfalse
* \@reversemarginfalse
* (1in=72.27pt=25.4mm, 1cm=28.453pt)

(/home/giacomo/texlive_install/texmf-dist/tex/context/base/mkii/supp-pdf.mkii
[Loading MPS to PDF converter (version 2006.09.02).]
\scratchcounter=\count368
\scratchdimen=\dimen268
\scratchbox=\box67
\nofMPsegments=\count369
\nofMParguments=\count370
\everyMPshowfont=\toks34
\MPscratchCnt=\count371
\MPscratchDim=\dimen269
\MPnumerator=\count372
\makeMPintoPDFobject=\count373
\everyMPtoPDFconversion=\toks35
) (/home/giacomo/texlive_install/texmf-dist/tex/latex/epstopdf-pkg/epstopdf-base.sty
Package: epstopdf-base 2020-01-24 v2.11 Base part for package epstopdf
Package epstopdf-base Info: Redefining graphics rule for `.eps' on input line 485.
 (/home/giacomo/texlive_install/texmf-dist/tex/latex/latexconfig/epstopdf-sys.cfg
File: epstopdf-sys.cfg 2010/07/13 v1.3 Configuration of (r)epstopdf for TeX Live
))
\openout2 = `valutazione.aux'.

 (./valutazione.tex)
\openout2 = `difficolta.aux'.

 (./difficolta.tex)
\openout2 = `meteo.aux'.

 (./meteo.tex)
\openout2 = `tipo_percorso.aux'.

 (./tipo_percorso.tex)
LaTeX Font Info:    External font `cmex10' loaded for size
(Font)              <12> on input line 28.
LaTeX Font Info:    External font `cmex10' loaded for size
(Font)              <8> on input line 28.
LaTeX Font Info:    External font `cmex10' loaded for size
(Font)              <6> on input line 28.
LaTeX Font Info:    Trying to load font information for U+fontawesomefree0 on input line 31.
 (/home/giacomo/texlive_install/texmf-dist/tex/latex/fontawesome5/ufontawesomefree0.fd)
LaTeX Font Info:    Trying to load font information for U+fontawesomefree3 on input line 33.
 (/home/giacomo/texlive_install/texmf-dist/tex/latex/fontawesome5/ufontawesomefree3.fd)
LaTeX Font Info:    Trying to load font information for U+fontawesomefree2 on input line 35.
 (/home/giacomo/texlive_install/texmf-dist/tex/latex/fontawesome5/ufontawesomefree2.fd)

Package fontawesome5 Warning: The requested icon map-pin has been replaced by
(fontawesome5)                the solid version


Package fontawesome5 Warning: The requested icon map-pin has been replaced by
(fontawesome5)                the solid version


Package fontawesome5 Warning: The requested icon mountain has been replaced by
(fontawesome5)                the solid version


Underfull \hbox (badness 10000) in paragraph at lines 31--48

 []


Underfull \hbox (badness 10000) in paragraph at lines 31--48

 []


Underfull \hbox (badness 10000) in paragraph at lines 31--48

 []


Underfull \hbox (badness 10000) in paragraph at lines 31--48

 []


Underfull \hbox (badness 10000) in paragraph at lines 31--48

 []


Underfull \hbox (badness 10000) in paragraph at lines 51--53

 []


Overfull \hbox (27.37463pt too wide) in paragraph at lines 51--53
[]
 []


Underfull \hbox (badness 10000) in paragraph at lines 51--53

 []

LaTeX Font Info:    External font `cmex10' loaded for size
(Font)              <7> on input line 55.
LaTeX Font Info:    External font `cmex10' loaded for size
(Font)              <5> on input line 55.

Underfull \hbox (badness 10000) in paragraph at lines 54--56

 []


Overfull \hbox (33.15726pt too wide) in paragraph at lines 54--56
[]
 []


Underfull \hbox (badness 10000) in paragraph at lines 54--56

 []


Underfull \hbox (badness 10000) in paragraph at lines 57--59

 []


Overfull \hbox (5.25467pt too wide) in paragraph at lines 57--59
[]
 []


Underfull \hbox (badness 10000) in paragraph at lines 57--59

 []

/home/giacomo/diario_escursioni/relazione.tex:69: Illegal unit of measure (pt inserted).
<to be read again> 
                   +
l.69 }
      
Dimensions can be in units of em, ex, in, pt, pc,
cm, mm, dd, cc, nd, nc, bp, or sp; but yours is a new one!
I'll assume that you meant to say pt, for printer's points.
To recover gracefully from this error, it's best to
delete the erroneous units; e.g., type `2' to delete
two letters. (See Chapter 27 of The TeXbook.)

Missing character: There is no + in font nullfont!
Missing character: There is no 1 in font nullfont!
Missing character: There is no p in font nullfont!
Missing character: There is no t in font nullfont!
/home/giacomo/diario_escursioni/relazione.tex:69: Illegal unit of measure (pt inserted).
<to be read again> 
                   +
l.69 }
      
Dimensions can be in units of em, ex, in, pt, pc,
cm, mm, dd, cc, nd, nc, bp, or sp; but yours is a new one!
I'll assume that you meant to say pt, for printer's points.
To recover gracefully from this error, it's best to
delete the erroneous units; e.g., type `2' to delete
two letters. (See Chapter 27 of The TeXbook.)

Missing character: There is no + in font nullfont!
Missing character: There is no 1 in font nullfont!
Missing character: There is no p in font nullfont!
Missing character: There is no t in font nullfont!
LaTeX Font Info:    Trying to load font information for U+fontawesomefree1 on input line 69.
(/home/giacomo/texlive_install/texmf-dist/tex/latex/fontawesome5/ufontawesomefree1.fd)
/home/giacomo/diario_escursioni/relazione.tex:69: Illegal unit of measure (pt inserted).
<to be read again> 
                   +
l.69 }
      
Dimensions can be in units of em, ex, in, pt, pc,
cm, mm, dd, cc, nd, nc, bp, or sp; but yours is a new one!
I'll assume that you meant to say pt, for printer's points.
To recover gracefully from this error, it's best to
delete the erroneous units; e.g., type `2' to delete
two letters. (See Chapter 27 of The TeXbook.)

Missing character: There is no + in font nullfont!
Missing character: There is no 1 in font nullfont!
Missing character: There is no p in font nullfont!
Missing character: There is no t in font nullfont!
/home/giacomo/diario_escursioni/relazione.tex:69: Illegal unit of measure (pt inserted).
<to be read again> 
                   +
l.69 }
      
Dimensions can be in units of em, ex, in, pt, pc,
cm, mm, dd, cc, nd, nc, bp, or sp; but yours is a new one!
I'll assume that you meant to say pt, for printer's points.
To recover gracefully from this error, it's best to
delete the erroneous units; e.g., type `2' to delete
two letters. (See Chapter 27 of The TeXbook.)

Missing character: There is no + in font nullfont!
Missing character: There is no 1 in font nullfont!
Missing character: There is no p in font nullfont!
Missing character: There is no t in font nullfont!

Overfull \hbox (0.97891pt too wide) in paragraph at lines 69--69
[][] 
 []


Underfull \hbox (badness 10000) in paragraph at lines 69--69

 []


Overfull \hbox (3.49852pt too wide) in paragraph at lines 69--69
[]
 []


Underfull \hbox (badness 10000) in paragraph at lines 69--69

 []

[1













{/home/giacomo/texlive_install/texmf-var/fonts/map/pdftex/updmap/pdftex.map}{/home/giacomo/texlive_install/texmf-dist/fonts/enc/dvips/tex-gyre/q-ec.enc}{/home/giacomo/texlive_install/texmf-dist/fonts/enc/dvips/fontawesome5/fa5free0.enc}{/home/giacomo/texlive_install/texmf-dist/fonts/enc/dvips/fontawesome5/fa5free3.enc}{/home/giacomo/texlive_install/texmf-dist/fonts/enc/dvips/fontawesome5/fa5free2.enc}{/home/giacomo/texlive_install/texmf-dist/fonts/enc/dvips/fontawesome5/fa5free1.enc}] (out/relazione.aux (out/valutazione.aux) (out/difficolta.aux) (out/meteo.aux) (out/tipo_percorso.aux))
 ***********
LaTeX2e <2023-06-01> patch level 1
L3 programming layer <2023-08-29>
 ***********
 ) 
Here is how much of TeX's memory you used:
 18517 strings out of 476385
 397649 string characters out of 5793844
 1938807 words of memory out of 5000000
 39529 multiletter control sequences out of 15000+600000
 577093 words of font info for 59 fonts, out of 8000000 for 9000
 319 hyphenation exceptions out of 8191
 88i,12n,92p,446b,738s stack positions out of 10000i,1000n,20000p,200000b,200000s
</home/giacomo/texlive_install/texmf-dist/fonts/type1/public/fontawesome5/FontAwesome5Free-Regular.pfb></home/giacomo/texlive_install/texmf-dist/fonts/type1/public/fontawesome5/FontAwesome5Free-Solid.pfb></home/giacomo/texlive_install/texmf-dist/fonts/type1/public/amsfonts/cm/cmsy10.pfb></home/giacomo/texlive_install/texmf-dist/fonts/type1/public/tex-gyre/qagr.pfb>
Output written on out/relazione.pdf (1 page, 101982 bytes).
PDF statistics:
 48 PDF objects out of 1000 (max. 8388607)
 32 compressed objects within 1 object stream
 0 named destinations out of 1000 (max. 500000)
 13 words of extra memory for PDF output out of 10000 (max. 10000000)

